0 info it worked if it ends with ok
1 verbose cli [ '/Users/laon/.nvm/versions/node/v6.9.1/bin/node',
1 verbose cli   '/Users/laon/.nvm/versions/node/v6.9.1/bin/npm',
1 verbose cli   'publish' ]
2 info using npm@4.0.3
3 info using node@v6.9.1
4 verbose publish [ '.' ]
5 silly cache add args [ '.', null ]
6 verbose cache add spec .
7 silly cache add parsed spec Result {
7 silly cache add   raw: '.',
7 silly cache add   scope: null,
7 silly cache add   escapedName: null,
7 silly cache add   name: null,
7 silly cache add   rawSpec: '.',
7 silly cache add   spec: '/Users/laon/WorkSpace/react_native_checkButton',
7 silly cache add   type: 'directory' }
8 verbose addLocalDirectory /Users/laon/.npm/react_native_checkButton/1.0.0/package.tgz not in flight; packing
9 verbose correctMkdir /Users/laon/.npm correctMkdir not in flight; initializing
10 info lifecycle react_native_checkButton@1.0.0~prepublish: react_native_checkButton@1.0.0
11 silly lifecycle react_native_checkButton@1.0.0~prepublish: no script for prepublish, continuing
12 info lifecycle react_native_checkButton@1.0.0~prepare: react_native_checkButton@1.0.0
13 silly lifecycle react_native_checkButton@1.0.0~prepare: no script for prepare, continuing
14 verbose tar pack [ '/Users/laon/.npm/react_native_checkButton/1.0.0/package.tgz',
14 verbose tar pack   '/Users/laon/WorkSpace/react_native_checkButton' ]
15 verbose tarball /Users/laon/.npm/react_native_checkButton/1.0.0/package.tgz
16 verbose folder /Users/laon/WorkSpace/react_native_checkButton
17 verbose addLocalTarball adding from inside cache /Users/laon/.npm/react_native_checkButton/1.0.0/package.tgz
18 verbose correctMkdir /Users/laon/.npm correctMkdir not in flight; initializing
19 silly cache afterAdd react_native_checkButton@1.0.0
20 verbose afterAdd /Users/laon/.npm/react_native_checkButton/1.0.0/package/package.json not in flight; writing
21 verbose correctMkdir /Users/laon/.npm correctMkdir not in flight; initializing
22 verbose afterAdd /Users/laon/.npm/react_native_checkButton/1.0.0/package/package.json written
23 silly publish { name: 'react_native_checkButton',
23 silly publish   description: 'React-Native Check Button',
23 silly publish   version: '1.0.0',
23 silly publish   author:
23 silly publish    { name: 'Laon Cho',
23 silly publish      email: 'laon@fiftybridge.com',
23 silly publish      url: 'http://www.fiftybridge.com' },
23 silly publish   private: true,
23 silly publish   scripts:
23 silly publish    { start: 'node node_modules/react-native/local-cli/cli.js start',
23 silly publish      test: 'jest' },
23 silly publish   repository:
23 silly publish    { type: 'git',
23 silly publish      url: 'git+https://github.com/cj4luv/react_native_checkButton.git' },
23 silly publish   license: [ { type: 'FIFTY BRIDGE', url: 'http://www.fiftybridge.com' } ],
23 silly publish   keywords: [ 'CheckButton' ],
23 silly publish   dependencies: { react: '15.4.2', 'react-native': '0.40.0' },
23 silly publish   devDependencies:
23 silly publish    { 'babel-jest': '18.0.0',
23 silly publish      'babel-preset-react-native': '1.9.1',
23 silly publish      jest: '18.1.0',
23 silly publish      'react-test-renderer': '15.4.2' },
23 silly publish   jest: { preset: 'react-native' },
23 silly publish   readme: '# react-native-CheckButton v1.0\n\nYou make Check Button in React-Native\n\n## Installation\n\nUsing npm:\n```bash\n$ npm install --save react-native-CheckButton\n```\n\n## Usage\n\n<CheckButton onChange={ ** Your Method ** } checked={ ** Your Parameters ** } text=\'Any String\' />\n\n\n## Properties\n| Prop  | Default  | Type | Description |\n| :------------ |:---------------:| :---------------:| :-----|\n| containerStyle | null | `style` | You can change CheckButton container style. |\n| onChange | null | `function` | To start function When user tab Check Button. |\n| checked | false | `bool` | Set to \'true\' draw Check sign. |\n| textStyle | null | `style` | You can change text style. |\n| text | null | `String` | Set to `String` display text. |\n\n\n## License\nSee the LICENSE file.\n',
23 silly publish   readmeFilename: 'README.md',
23 silly publish   gitHead: 'fd9f50e865186df1c4257a2797192c696bca9b7d',
23 silly publish   bugs: { url: 'https://github.com/cj4luv/react_native_checkButton/issues' },
23 silly publish   homepage: 'https://github.com/cj4luv/react_native_checkButton#readme',
23 silly publish   _id: 'react_native_checkButton@1.0.0',
23 silly publish   _shasum: '572a0bf75db20b45dad8c3112c2b282cf55a90e9',
23 silly publish   _from: '.' }
24 info lifecycle react_native_checkButton@1.0.0~prepublishOnly: react_native_checkButton@1.0.0
25 silly lifecycle react_native_checkButton@1.0.0~prepublishOnly: no script for prepublishOnly, continuing
26 verbose getPublishConfig undefined
27 verbose stack Error: This package has been marked as private
27 verbose stack Remove the 'private' field from the package.json to publish it.
27 verbose stack     at publish_ (/Users/laon/.nvm/versions/node/v6.9.1/lib/node_modules/npm/lib/publish.js:102:15)
27 verbose stack     at Array.<anonymous> (/Users/laon/.nvm/versions/node/v6.9.1/lib/node_modules/npm/node_modules/slide/lib/bind-actor.js:15:8)
27 verbose stack     at LOOP (/Users/laon/.nvm/versions/node/v6.9.1/lib/node_modules/npm/node_modules/slide/lib/chain.js:15:14)
27 verbose stack     at /Users/laon/.nvm/versions/node/v6.9.1/lib/node_modules/npm/node_modules/slide/lib/chain.js:18:7
27 verbose stack     at done (/Users/laon/.nvm/versions/node/v6.9.1/lib/node_modules/npm/lib/utils/lifecycle.js:132:5)
27 verbose stack     at LOOP (/Users/laon/.nvm/versions/node/v6.9.1/lib/node_modules/npm/node_modules/slide/lib/chain.js:7:26)
27 verbose stack     at /Users/laon/.nvm/versions/node/v6.9.1/lib/node_modules/npm/node_modules/slide/lib/chain.js:18:7
27 verbose stack     at /Users/laon/.nvm/versions/node/v6.9.1/lib/node_modules/npm/lib/utils/lifecycle.js:318:20
27 verbose stack     at /Users/laon/.nvm/versions/node/v6.9.1/lib/node_modules/npm/node_modules/graceful-fs/polyfills.js:276:29
27 verbose stack     at FSReqWrap.oncomplete (fs.js:123:15)
28 verbose cwd /Users/laon/WorkSpace/react_native_checkButton
29 error Darwin 16.4.0
30 error argv "/Users/laon/.nvm/versions/node/v6.9.1/bin/node" "/Users/laon/.nvm/versions/node/v6.9.1/bin/npm" "publish"
31 error node v6.9.1
32 error npm  v4.0.3
33 error This package has been marked as private
33 error Remove the 'private' field from the package.json to publish it.
34 error If you need help, you may report this error at:
34 error     <https://github.com/npm/npm/issues>
35 verbose exit [ 1, true ]
